<?xml version="1.0" encoding="UTF-8"?>
<coverage generated="1779672358041" clover="3.2.0">
  <project timestamp="1779672358041" name="All files">
    <metrics statements="20" coveredstatements="11" conditionals="0" coveredconditionals="0" methods="10" coveredmethods="3" elements="30" coveredelements="14" complexity="0" loc="20" ncloc="20" packages="1" files="3" classes="3"/>
    <file name="errors.ts" path="C:\projects\by_geo\apis\entity\errors.ts">
      <metrics statements="12" coveredstatements="3" conditionals="0" coveredconditionals="0" methods="3" coveredmethods="0"/>
      <line num="1" count="1" type="stmt"/>
      <line num="2" count="0" type="stmt"/>
      <line num="4" count="0" type="stmt"/>
      <line num="5" count="0" type="stmt"/>
      <line num="9" count="1" type="stmt"/>
      <line num="10" count="0" type="stmt"/>
      <line num="12" count="0" type="stmt"/>
      <line num="13" count="0" type="stmt"/>
      <line num="17" count="1" type="stmt"/>
      <line num="18" count="0" type="stmt"/>
      <line num="20" count="0" type="stmt"/>
      <line num="21" count="0" type="stmt"/>
    </file>
    <file name="index.ts" path="C:\projects\by_geo\apis\entity\index.ts">
      <metrics statements="2" coveredstatements="2" conditionals="0" coveredconditionals="0" methods="5" coveredmethods="1"/>
      <line num="1" count="4" type="stmt"/>
      <line num="4" count="1" type="stmt"/>
    </file>
    <file name="user.entity.ts" path="C:\projects\by_geo\apis\entity\user.entity.ts">
      <metrics statements="6" coveredstatements="6" conditionals="0" coveredconditionals="0" methods="2" coveredmethods="2"/>
      <line num="38" count="1" type="stmt"/>
      <line num="40" count="33" type="stmt"/>
      <line num="41" count="33" type="stmt"/>
      <line num="45" count="1" type="stmt"/>
      <line num="47" count="27" type="stmt"/>
      <line num="48" count="27" type="stmt"/>
    </file>
  </project>
</coverage>
