{"C:\\projects\\by_geo\\apis\\entity\\errors.ts": {"path":"C:\\projects\\by_geo\\apis\\entity\\errors.ts","statementMap":{"0":{"start":{"line":2,"column":24},"end":{"line":2,"column":27}},"1":{"start":{"line":4,"column":4},"end":{"line":4,"column":26}},"2":{"start":{"line":5,"column":4},"end":{"line":5,"column":32}},"3":{"start":{"line":1,"column":0},"end":{"line":1,"column":13}},"4":{"start":{"line":10,"column":24},"end":{"line":10,"column":27}},"5":{"start":{"line":12,"column":4},"end":{"line":12,"column":19}},"6":{"start":{"line":13,"column":4},"end":{"line":13,"column":32}},"7":{"start":{"line":9,"column":0},"end":{"line":9,"column":13}},"8":{"start":{"line":18,"column":24},"end":{"line":18,"column":27}},"9":{"start":{"line":20,"column":4},"end":{"line":20,"column":19}},"10":{"start":{"line":21,"column":4},"end":{"line":21,"column":32}},"11":{"start":{"line":17,"column":0},"end":{"line":17,"column":13}}},"fnMap":{"0":{"name":"(anonymous_0)","decl":{"start":{"line":3,"column":2},"end":{"line":3,"column":14}},"loc":{"start":{"line":3,"column":28},"end":{"line":6,"column":3}}},"1":{"name":"(anonymous_1)","decl":{"start":{"line":11,"column":2},"end":{"line":11,"column":14}},"loc":{"start":{"line":11,"column":29},"end":{"line":14,"column":3}}},"2":{"name":"(anonymous_2)","decl":{"start":{"line":19,"column":2},"end":{"line":19,"column":14}},"loc":{"start":{"line":19,"column":29},"end":{"line":22,"column":3}}}},"branchMap":{},"s":{"0":0,"1":0,"2":0,"3":1,"4":0,"5":0,"6":0,"7":1,"8":0,"9":0,"10":0,"11":1},"f":{"0":0,"1":0,"2":0},"b":{}}
,"C:\\projects\\by_geo\\apis\\entity\\index.ts": {"path":"C:\\projects\\by_geo\\apis\\entity\\index.ts","statementMap":{"0":{"start":{"line":1,"column":0},"end":{"line":1,"column":76}},"1":{"start":{"line":1,"column":76},"end":{"line":1,"column":97}},"2":{"start":{"line":1,"column":97},"end":{"line":1,"column":194}},"3":{"start":{"line":4,"column":0},"end":{"line":4,"column":9}},"4":{"start":{"line":4,"column":9},"end":{"line":4,"column":24}},"5":{"start":{"line":4,"column":24},"end":{"line":4,"column":39}},"6":{"start":{"line":4,"column":39},"end":{"line":4,"column":71}}},"fnMap":{"0":{"name":"(anonymous_0)","decl":{"start":{"line":1,"column":76},"end":{"line":1,"column":95}},"loc":{"start":{"line":1,"column":76},"end":{"line":1,"column":97}}},"1":{"name":"(anonymous_1)","decl":{"start":{"line":1,"column":97},"end":{"line":1,"column":118}},"loc":{"start":{"line":1,"column":97},"end":{"line":1,"column":194}}},"2":{"name":"(anonymous_2)","decl":{"start":{"line":4,"column":9},"end":{"line":4,"column":22}},"loc":{"start":{"line":4,"column":9},"end":{"line":4,"column":24}}},"3":{"name":"(anonymous_3)","decl":{"start":{"line":4,"column":24},"end":{"line":4,"column":37}},"loc":{"start":{"line":4,"column":24},"end":{"line":4,"column":39}}},"4":{"name":"(anonymous_4)","decl":{"start":{"line":4,"column":39},"end":{"line":4,"column":52}},"loc":{"start":{"line":4,"column":39},"end":{"line":4,"column":71}}}},"branchMap":{},"s":{"0":1,"1":4,"2":1,"3":1,"4":1,"5":1,"6":1},"f":{"0":3,"1":0,"2":0,"3":0,"4":0},"b":{}}
,"C:\\projects\\by_geo\\apis\\entity\\user.entity.ts": {"path":"C:\\projects\\by_geo\\apis\\entity\\user.entity.ts","statementMap":{"0":{"start":{"line":40,"column":4},"end":{"line":40,"column":19}},"1":{"start":{"line":41,"column":4},"end":{"line":41,"column":38}},"2":{"start":{"line":38,"column":0},"end":{"line":38,"column":13}},"3":{"start":{"line":47,"column":4},"end":{"line":47,"column":19}},"4":{"start":{"line":48,"column":4},"end":{"line":48,"column":40}},"5":{"start":{"line":45,"column":0},"end":{"line":45,"column":13}}},"fnMap":{"0":{"name":"(anonymous_0)","decl":{"start":{"line":39,"column":2},"end":{"line":39,"column":14}},"loc":{"start":{"line":39,"column":29},"end":{"line":42,"column":3}}},"1":{"name":"(anonymous_1)","decl":{"start":{"line":46,"column":2},"end":{"line":46,"column":14}},"loc":{"start":{"line":46,"column":29},"end":{"line":49,"column":3}}}},"branchMap":{},"s":{"0":33,"1":33,"2":1,"3":27,"4":27,"5":1},"f":{"0":33,"1":27},"b":{}}
}
