TN:
SF:apis\entity\errors.ts
FN:3,(anonymous_0)
FN:11,(anonymous_1)
FN:19,(anonymous_2)
FNF:3
FNH:0
FNDA:0,(anonymous_0)
FNDA:0,(anonymous_1)
FNDA:0,(anonymous_2)
DA:1,1
DA:2,0
DA:4,0
DA:5,0
DA:9,1
DA:10,0
DA:12,0
DA:13,0
DA:17,1
DA:18,0
DA:20,0
DA:21,0
LF:12
LH:3
BRF:0
BRH:0
end_of_record
TN:
SF:apis\entity\index.ts
FN:1,(anonymous_0)
FN:1,(anonymous_1)
FN:4,(anonymous_2)
FN:4,(anonymous_3)
FN:4,(anonymous_4)
FNF:5
FNH:1
FNDA:3,(anonymous_0)
FNDA:0,(anonymous_1)
FNDA:0,(anonymous_2)
FNDA:0,(anonymous_3)
FNDA:0,(anonymous_4)
DA:1,4
DA:4,1
LF:2
LH:2
BRF:0
BRH:0
end_of_record
TN:
SF:apis\entity\user.entity.ts
FN:39,(anonymous_0)
FN:46,(anonymous_1)
FNF:2
FNH:2
FNDA:33,(anonymous_0)
FNDA:27,(anonymous_1)
DA:38,1
DA:40,33
DA:41,33
DA:45,1
DA:47,27
DA:48,27
LF:6
LH:6
BRF:0
BRH:0
end_of_record
